BowlingAlley/Library/Bee/Android/Prj/IL2CPP/Gradle/unityLibrary/build/intermediates/manifest_merge_blame_file/debug/manifest-merger-blame-debug-report.txt
1<?xml version="1.0" encoding="utf-8"?>
2<manifest xmlns:android="http://schemas.android.com/apk/res/android"
3    xmlns:tools="http://schemas.android.com/tools"
4    package="com.unity3d.player" >
5
6    <uses-sdk
7        android:minSdkVersion="29"
7-->src\main\AndroidManifest.xml
8        android:targetSdkVersion="29" />
8-->src\main\AndroidManifest.xml
9
10    <uses-permission android:name="android.permission.INTERNET" />
10-->src\main\AndroidManifest.xml:3:3-65
10-->src\main\AndroidManifest.xml:3:20-62
11
12    <uses-feature android:glEsVersion="0x00030000" />
12-->src\main\AndroidManifest.xml:4:3-52
12-->src\main\AndroidManifest.xml:4:17-49
13    <uses-feature
13-->src\main\AndroidManifest.xml:5:3-87
14        android:name="android.software.home_screen"
14-->src\main\AndroidManifest.xml:5:17-60
15        android:required="true" />
15-->src\main\AndroidManifest.xml:5:61-84
16    <uses-feature
16-->src\main\AndroidManifest.xml:6:3-88
17        android:name="android.hardware.touchscreen"
17-->src\main\AndroidManifest.xml:6:17-60
18        android:required="false" />
18-->src\main\AndroidManifest.xml:6:61-85
19    <uses-feature
19-->src\main\AndroidManifest.xml:7:3-99
20        android:name="android.hardware.touchscreen.multitouch"
20-->src\main\AndroidManifest.xml:7:17-71
21        android:required="false" />
21-->src\main\AndroidManifest.xml:7:72-96
22    <uses-feature
22-->src\main\AndroidManifest.xml:8:3-108
23        android:name="android.hardware.touchscreen.multitouch.distinct"
23-->src\main\AndroidManifest.xml:8:17-80
24        android:required="false" />
24-->src\main\AndroidManifest.xml:8:81-105
25
26    <uses-permission android:name="android.permission.CAMERA" />
26-->src\main\AndroidManifest.xml:27:3-63
26-->src\main\AndroidManifest.xml:27:20-60
27
28    <uses-feature
28-->src\main\AndroidManifest.xml:28:3-85
29        android:name="android.hardware.camera.ar"
29-->src\main\AndroidManifest.xml:28:17-58
30        android:required="true" />
30-->src\main\AndroidManifest.xml:28:59-82
31    <uses-feature
31-->src\main\AndroidManifest.xml:29:3-83
32        android:name="com.google.ar.core.depth"
32-->src\main\AndroidManifest.xml:29:17-56
33        android:required="true" />
33-->src\main\AndroidManifest.xml:29:57-80
34
35    <application
35-->src\main\AndroidManifest.xml:9:3-26:17
36        android:extractNativeLibs="true"
36-->src\main\AndroidManifest.xml:9:16-48
37        android:isGame="true" >
37-->src\main\AndroidManifest.xml:9:49-70
38        <meta-data
38-->src\main\AndroidManifest.xml:10:5-69
39            android:name="unity.splash-mode"
39-->src\main\AndroidManifest.xml:10:16-48
40            android:value="0" />
40-->src\main\AndroidManifest.xml:10:49-66
41        <meta-data
41-->src\main\AndroidManifest.xml:11:5-74
42            android:name="unity.splash-enable"
42-->src\main\AndroidManifest.xml:11:16-50
43            android:value="True" />
43-->src\main\AndroidManifest.xml:11:51-71
44        <meta-data
44-->src\main\AndroidManifest.xml:12:5-78
45            android:name="unity.launch-fullscreen"
45-->src\main\AndroidManifest.xml:12:16-54
46            android:value="True" />
46-->src\main\AndroidManifest.xml:12:55-75
47        <meta-data
47-->src\main\AndroidManifest.xml:13:5-81
48            android:name="notch.config"
48-->src\main\AndroidManifest.xml:13:16-43
49            android:value="portrait|landscape" />
49-->src\main\AndroidManifest.xml:13:44-78
50        <meta-data
50-->src\main\AndroidManifest.xml:14:5-84
51            android:name="unity.auto-report-fully-drawn"
51-->src\main\AndroidManifest.xml:14:16-60
52            android:value="true" />
52-->src\main\AndroidManifest.xml:14:61-81
53
54        <activity
54-->src\main\AndroidManifest.xml:15:5-23:16
55            android:name="com.unity3d.player.UnityPlayerActivity"
55-->src\main\AndroidManifest.xml:15:15-68
56            android:configChanges="mcc|mnc|locale|touchscreen|keyboard|keyboardHidden|navigation|orientation|screenLayout|uiMode|screenSize|smallestScreenSize|fontScale|layoutDirection|density"
56-->src\main\AndroidManifest.xml:15:180-361
57            android:hardwareAccelerated="false"
57-->src\main\AndroidManifest.xml:15:397-432
58            android:launchMode="singleTask"
58-->src\main\AndroidManifest.xml:15:148-179
59            android:resizeableActivity="false"
59-->src\main\AndroidManifest.xml:15:362-396
60            android:screenOrientation="fullUser"
60-->src\main\AndroidManifest.xml:15:111-147
61            android:theme="@style/UnityThemeSelector" >
61-->src\main\AndroidManifest.xml:15:69-110
62            <intent-filter>
62-->src\main\AndroidManifest.xml:16:7-20:23
63                <category android:name="android.intent.category.LAUNCHER" />
63-->src\main\AndroidManifest.xml:17:9-69
63-->src\main\AndroidManifest.xml:17:19-66
64                <category android:name="android.intent.category.LEANBACK_LAUNCHER" />
64-->src\main\AndroidManifest.xml:18:9-78
64-->src\main\AndroidManifest.xml:18:19-75
65
66                <action android:name="android.intent.action.MAIN" />
66-->src\main\AndroidManifest.xml:19:9-61
66-->src\main\AndroidManifest.xml:19:17-58
67            </intent-filter>
68
69            <meta-data
69-->src\main\AndroidManifest.xml:21:7-82
70                android:name="unityplayer.UnityActivity"
70-->src\main\AndroidManifest.xml:21:18-58
71                android:value="true" />
71-->src\main\AndroidManifest.xml:21:59-79
72            <meta-data
72-->src\main\AndroidManifest.xml:22:7-70
73                android:name="notch_support"
73-->src\main\AndroidManifest.xml:22:18-46
74                android:value="true" />
74-->src\main\AndroidManifest.xml:22:47-67
75        </activity>
76
77        <meta-data
77-->src\main\AndroidManifest.xml:24:5-88
78            android:name="unityplayer.SkipPermissionsDialog"
78-->src\main\AndroidManifest.xml:24:16-64
79            android:value="true" />
79-->src\main\AndroidManifest.xml:24:65-85
80        <meta-data
80-->src\main\AndroidManifest.xml:25:5-77
81            android:name="com.google.ar.core"
81-->src\main\AndroidManifest.xml:25:16-49
82            android:value="required" />
82-->src\main\AndroidManifest.xml:25:50-74
83    </application>
84
85</manifest>